<?xml version="1.0" encoding="UTF-8"?>
<!-- Generated by org.testng.reporters.JUnitReportReporter -->
<testsuite skipped="0" hostname="subbu51" name="com.crm.qa.testdata.LoginPageTest" tests="2" failures="0" timestamp="04 Feb 2019 19:08:00 GMT" time="28.853" errors="0">
  <testcase name="loginPageTitleTest" time="12.427" classname="com.crm.qa.testdata.LoginPageTest"/>
  <testcase name="loginTest" time="16.426" classname="com.crm.qa.testdata.LoginPageTest"/>
</testsuite> <!-- com.crm.qa.testdata.LoginPageTest -->
