<?xml version="1.0" encoding="UTF-8"?>
<!-- Generated by org.testng.reporters.JUnitReportReporter -->
<testsuite skipped="0" hostname="subbu51" name="com.crm.qa.testcases.LoginPageTest" tests="3" failures="0" timestamp="06 Feb 2019 19:23:03 GMT" time="34.545" errors="0">
  <testcase name="loginPageTitleTest" time="9.075" classname="com.crm.qa.testcases.LoginPageTest"/>
  <testcase name="loginPageLogoTest" time="8.642" classname="com.crm.qa.testcases.LoginPageTest"/>
  <testcase name="loginTest" time="16.828" classname="com.crm.qa.testcases.LoginPageTest"/>
</testsuite> <!-- com.crm.qa.testcases.LoginPageTest -->
